2021-04-24 18:25:22,467 [INFO] Activator:170 - 


2021-04-24 18:25:22,467 [INFO] Activator:171 - !SESSION log4j initialized
2021-04-24 18:30:27,718 [INFO] Activator:170 - 


2021-04-24 18:30:27,718 [INFO] Activator:171 - !SESSION log4j initialized
2021-04-24 18:52:41,175 [INFO] Activator:170 - 


2021-04-24 18:52:41,175 [INFO] Activator:171 - !SESSION log4j initialized
2021-04-24 19:01:07,008 [INFO] Activator:170 - 


2021-04-24 19:01:07,010 [INFO] Activator:171 - !SESSION log4j initialized
2021-04-24 19:20:55,050 [INFO] Activator:170 - 


2021-04-24 19:20:55,065 [INFO] Activator:171 - !SESSION log4j initialized
2021-07-31 19:39:54,102 [INFO] Activator:170 - 


2021-07-31 19:39:54,104 [INFO] Activator:171 - !SESSION log4j initialized
2021-12-16 19:22:40,017 [INFO] Activator:170 - 


2021-12-16 19:22:40,020 [INFO] Activator:171 - !SESSION log4j initialized
2022-09-11 17:33:11,214 [INFO] Activator:177 - 


2022-09-11 17:33:11,216 [INFO] Activator:178 - !SESSION log4j initialized
2022-09-11 17:33:38,925 [ERROR] LogOutputStream:74 - [STDERR_REDIRECT] SLF4J: Failed to load class "org.slf4j.impl.StaticLoggerBinder".
2022-09-11 17:33:38,926 [ERROR] LogOutputStream:74 - [STDERR_REDIRECT] SLF4J: Defaulting to no-operation (NOP) logger implementation
2022-09-11 17:33:38,928 [ERROR] LogOutputStream:74 - [STDERR_REDIRECT] SLF4J: See http://www.slf4j.org/codes.html#StaticLoggerBinder for further details.
2022-09-11 22:15:08,657 [INFO] Activator:177 - 


2022-09-11 22:15:08,658 [INFO] Activator:178 - !SESSION log4j initialized
2022-09-12 12:21:16,531 [ERROR] LogOutputStream:74 - [STDERR_REDIRECT] SLF4J: Failed to load class "org.slf4j.impl.StaticLoggerBinder".
2022-09-12 12:21:16,531 [ERROR] LogOutputStream:74 - [STDERR_REDIRECT] SLF4J: Defaulting to no-operation (NOP) logger implementation
2022-09-12 12:21:16,534 [ERROR] LogOutputStream:74 - [STDERR_REDIRECT] SLF4J: See http://www.slf4j.org/codes.html#StaticLoggerBinder for further details.
2022-09-12 12:46:13,760 [INFO] Activator:177 - 


2022-09-12 12:46:13,760 [INFO] Activator:178 - !SESSION log4j initialized
2022-09-12 12:46:47,115 [ERROR] LogOutputStream:74 - [STDERR_REDIRECT] SLF4J: Failed to load class "org.slf4j.impl.StaticLoggerBinder".
2022-09-12 12:46:47,115 [ERROR] LogOutputStream:74 - [STDERR_REDIRECT] SLF4J: Defaulting to no-operation (NOP) logger implementation
2022-09-12 12:46:47,131 [ERROR] LogOutputStream:74 - [STDERR_REDIRECT] SLF4J: See http://www.slf4j.org/codes.html#StaticLoggerBinder for further details.
2023-04-03 20:19:12,100 [INFO] Activator:177 - 


2023-04-03 20:19:12,102 [INFO] Activator:178 - !SESSION log4j initialized
2023-04-03 20:20:01,806 [ERROR] LogOutputStream:74 - [STDERR_REDIRECT] SLF4J: Failed to load class "org.slf4j.impl.StaticLoggerBinder".
2023-04-03 20:20:01,807 [ERROR] LogOutputStream:74 - [STDERR_REDIRECT] SLF4J: Defaulting to no-operation (NOP) logger implementation
2023-04-03 20:20:01,811 [ERROR] LogOutputStream:74 - [STDERR_REDIRECT] SLF4J: See http://www.slf4j.org/codes.html#StaticLoggerBinder for further details.
2023-10-23 13:10:04,874 [INFO] Activator:177 - 


2023-10-23 13:10:04,874 [INFO] Activator:178 - !SESSION log4j initialized
2023-10-23 13:10:39,239 [ERROR] LogOutputStream:74 - [STDERR_REDIRECT] SLF4J: Failed to load class "org.slf4j.impl.StaticLoggerBinder".
2023-10-23 13:10:39,239 [ERROR] LogOutputStream:74 - [STDERR_REDIRECT] SLF4J: Defaulting to no-operation (NOP) logger implementation
2023-10-23 13:10:39,239 [ERROR] LogOutputStream:74 - [STDERR_REDIRECT] SLF4J: See http://www.slf4j.org/codes.html#StaticLoggerBinder for further details.
